{"/Users/morderca/asdfadfsafs/projekt-koncowy-sklep/vite-project/src/components/CartItem.tsx": {"path":"/Users/morderca/asdfadfsafs/projekt-koncowy-sklep/vite-project/src/components/CartItem.tsx","statementMap":{"0":{"start":{"line":12,"column":42},"end":{"line":45,"column":1}},"1":{"start":{"line":22,"column":2},"end":{"line":44,"column":4}},"2":{"start":{"line":39,"column":23},"end":{"line":39,"column":40}},"3":{"start":{"line":47,"column":0},"end":{"line":47,"column":24}}},"fnMap":{"0":{"name":"(anonymous_0)","decl":{"start":{"line":12,"column":42},"end":{"line":12,"column":43}},"loc":{"start":{"line":21,"column":5},"end":{"line":45,"column":1}}},"1":{"name":"(anonymous_1)","decl":{"start":{"line":39,"column":17},"end":{"line":39,"column":20}},"loc":{"start":{"line":39,"column":23},"end":{"line":39,"column":40}}}},"branchMap":{"0":{"loc":{"start":{"line":25,"column":13},"end":{"line":25,"column":46}},"type":"binary-expr","locations":[{"start":{"line":25,"column":13},"end":{"line":25,"column":22}},{"start":{"line":25,"column":26},"end":{"line":25,"column":46}}]}},"s":{"0":1,"1":3,"2":1,"3":1},"f":{"0":3,"1":1},"b":{"0":[3,1]}}
,"/Users/morderca/asdfadfsafs/projekt-koncowy-sklep/vite-project/src/components/Header.tsx": {"path":"/Users/morderca/asdfadfsafs/projekt-koncowy-sklep/vite-project/src/components/Header.tsx","statementMap":{"0":{"start":{"line":1,"column":0},"end":{"line":1,"column":44}},"1":{"start":{"line":2,"column":0},"end":{"line":2,"column":60}},"2":{"start":{"line":3,"column":0},"end":{"line":3,"column":93}},"3":{"start":{"line":4,"column":0},"end":{"line":4,"column":62}},"4":{"start":{"line":12,"column":32},"end":{"line":112,"column":1}},"5":{"start":{"line":13,"column":19},"end":{"line":13,"column":32}},"6":{"start":{"line":14,"column":19},"end":{"line":14,"column":32}},"7":{"start":{"line":15,"column":31},"end":{"line":15,"column":46}},"8":{"start":{"line":17,"column":38},"end":{"line":17,"column":53}},"9":{"start":{"line":18,"column":34},"end":{"line":18,"column":46}},"10":{"start":{"line":19,"column":32},"end":{"line":19,"column":47}},"11":{"start":{"line":21,"column":2},"end":{"line":46,"column":26}},"12":{"start":{"line":22,"column":18},"end":{"line":22,"column":47}},"13":{"start":{"line":23,"column":4},"end":{"line":45,"column":5}},"14":{"start":{"line":24,"column":6},"end":{"line":42,"column":7}},"15":{"start":{"line":25,"column":36},"end":{"line":25,"column":73}},"16":{"start":{"line":26,"column":29},"end":{"line":26,"column":75}},"17":{"start":{"line":28,"column":8},"end":{"line":37,"column":9}},"18":{"start":{"line":29,"column":10},"end":{"line":29,"column":30}},"19":{"start":{"line":30,"column":10},"end":{"line":30,"column":46}},"20":{"start":{"line":31,"column":10},"end":{"line":31,"column":47}},"21":{"start":{"line":33,"column":10},"end":{"line":33,"column":43}},"22":{"start":{"line":34,"column":10},"end":{"line":34,"column":31}},"23":{"start":{"line":35,"column":10},"end":{"line":35,"column":26}},"24":{"start":{"line":36,"column":10},"end":{"line":36,"column":28}},"25":{"start":{"line":39,"column":8},"end":{"line":39,"column":54}},"26":{"start":{"line":40,"column":8},"end":{"line":40,"column":41}},"27":{"start":{"line":41,"column":8},"end":{"line":41,"column":29}},"28":{"start":{"line":44,"column":6},"end":{"line":44,"column":27}},"29":{"start":{"line":48,"column":23},"end":{"line":54,"column":3}},"30":{"start":{"line":49,"column":4},"end":{"line":49,"column":37}},"31":{"start":{"line":50,"column":4},"end":{"line":50,"column":25}},"32":{"start":{"line":51,"column":4},"end":{"line":51,"column":20}},"33":{"start":{"line":52,"column":4},"end":{"line":52,"column":22}},"34":{"start":{"line":53,"column":4},"end":{"line":53,"column":23}},"35":{"start":{"line":56,"column":27},"end":{"line":63,"column":3}},"36":{"start":{"line":57,"column":4},"end":{"line":62,"column":5}},"37":{"start":{"line":58,"column":6},"end":{"line":58,"column":25}},"38":{"start":{"line":59,"column":6},"end":{"line":59,"column":54}},"39":{"start":{"line":61,"column":6},"end":{"line":61,"column":20}},"40":{"start":{"line":65,"column":2},"end":{"line":111,"column":4}},"41":{"start":{"line":82,"column":37},"end":{"line":82,"column":55}},"42":{"start":{"line":85,"column":37},"end":{"line":85,"column":58}},"43":{"start":{"line":93,"column":33},"end":{"line":93,"column":52}},"44":{"start":{"line":100,"column":33},"end":{"line":100,"column":50}},"45":{"start":{"line":104,"column":33},"end":{"line":104,"column":52}},"46":{"start":{"line":12,"column":13},"end":{"line":12,"column":32}}},"fnMap":{"0":{"name":"(anonymous_0)","decl":{"start":{"line":12,"column":32},"end":{"line":12,"column":35}},"loc":{"start":{"line":12,"column":37},"end":{"line":112,"column":1}}},"1":{"name":"(anonymous_1)","decl":{"start":{"line":21,"column":12},"end":{"line":21,"column":15}},"loc":{"start":{"line":21,"column":17},"end":{"line":46,"column":3}}},"2":{"name":"(anonymous_2)","decl":{"start":{"line":48,"column":23},"end":{"line":48,"column":26}},"loc":{"start":{"line":48,"column":28},"end":{"line":54,"column":3}}},"3":{"name":"(anonymous_3)","decl":{"start":{"line":56,"column":27},"end":{"line":56,"column":30}},"loc":{"start":{"line":56,"column":32},"end":{"line":63,"column":3}}},"4":{"name":"(anonymous_4)","decl":{"start":{"line":82,"column":31},"end":{"line":82,"column":34}},"loc":{"start":{"line":82,"column":37},"end":{"line":82,"column":55}}},"5":{"name":"(anonymous_5)","decl":{"start":{"line":85,"column":31},"end":{"line":85,"column":34}},"loc":{"start":{"line":85,"column":37},"end":{"line":85,"column":58}}},"6":{"name":"(anonymous_6)","decl":{"start":{"line":93,"column":27},"end":{"line":93,"column":30}},"loc":{"start":{"line":93,"column":33},"end":{"line":93,"column":52}}},"7":{"name":"(anonymous_7)","decl":{"start":{"line":100,"column":27},"end":{"line":100,"column":30}},"loc":{"start":{"line":100,"column":33},"end":{"line":100,"column":50}}},"8":{"name":"(anonymous_8)","decl":{"start":{"line":104,"column":27},"end":{"line":104,"column":30}},"loc":{"start":{"line":104,"column":33},"end":{"line":104,"column":52}}}},"branchMap":{"0":{"loc":{"start":{"line":23,"column":4},"end":{"line":45,"column":5}},"type":"if","locations":[{"start":{"line":23,"column":4},"end":{"line":45,"column":5}},{"start":{"line":43,"column":11},"end":{"line":45,"column":5}}]},"1":{"loc":{"start":{"line":26,"column":29},"end":{"line":26,"column":75}},"type":"binary-expr","locations":[{"start":{"line":26,"column":29},"end":{"line":26,"column":40}},{"start":{"line":26,"column":44},"end":{"line":26,"column":75}}]},"2":{"loc":{"start":{"line":28,"column":8},"end":{"line":37,"column":9}},"type":"if","locations":[{"start":{"line":28,"column":8},"end":{"line":37,"column":9}},{"start":{"line":32,"column":15},"end":{"line":37,"column":9}}]},"3":{"loc":{"start":{"line":30,"column":22},"end":{"line":30,"column":44}},"type":"binary-expr","locations":[{"start":{"line":30,"column":22},"end":{"line":30,"column":34}},{"start":{"line":30,"column":38},"end":{"line":30,"column":44}}]},"4":{"loc":{"start":{"line":57,"column":4},"end":{"line":62,"column":5}},"type":"if","locations":[{"start":{"line":57,"column":4},"end":{"line":62,"column":5}},{"start":{"line":60,"column":11},"end":{"line":62,"column":5}}]},"5":{"loc":{"start":{"line":73,"column":11},"end":{"line":88,"column":null}},"type":"cond-expr","locations":[{"start":{"line":74,"column":12},"end":{"line":78,"column":null}},{"start":{"line":81,"column":12},"end":{"line":87,"column":null}}]},"6":{"loc":{"start":{"line":92,"column":9},"end":{"line":96,"column":null}},"type":"binary-expr","locations":[{"start":{"line":92,"column":9},"end":{"line":92,"column":16}},{"start":{"line":93,"column":10},"end":{"line":95,"column":null}}]}},"s":{"0":1,"1":1,"2":1,"3":1,"4":1,"5":7,"6":7,"7":7,"8":7,"9":7,"10":7,"11":7,"12":4,"13":4,"14":3,"15":3,"16":3,"17":3,"18":3,"19":3,"20":3,"21":0,"22":0,"23":0,"24":0,"25":0,"26":0,"27":0,"28":1,"29":7,"30":0,"31":0,"32":0,"33":0,"34":0,"35":7,"36":0,"37":0,"38":0,"39":0,"40":7,"41":0,"42":0,"43":0,"44":0,"45":0,"46":1},"f":{"0":7,"1":4,"2":0,"3":0,"4":0,"5":0,"6":0,"7":0,"8":0},"b":{"0":[3,1],"1":[3,3],"2":[3,0],"3":[3,0],"4":[0,0],"5":[3,4],"6":[7,1]}}
,"/Users/morderca/asdfadfsafs/projekt-koncowy-sklep/vite-project/src/components/Item.tsx": {"path":"/Users/morderca/asdfadfsafs/projekt-koncowy-sklep/vite-project/src/components/Item.tsx","statementMap":{"0":{"start":{"line":1,"column":0},"end":{"line":1,"column":47}},"1":{"start":{"line":2,"column":0},"end":{"line":2,"column":64}},"2":{"start":{"line":15,"column":41},"end":{"line":46,"column":1}},"3":{"start":{"line":16,"column":91},"end":{"line":16,"column":107}},"4":{"start":{"line":17,"column":19},"end":{"line":17,"column":32}},"5":{"start":{"line":19,"column":21},"end":{"line":25,"column":3}},"6":{"start":{"line":20,"column":4},"end":{"line":20,"column":24}},"7":{"start":{"line":21,"column":4},"end":{"line":21,"column":31}},"8":{"start":{"line":22,"column":4},"end":{"line":22,"column":35}},"9":{"start":{"line":23,"column":4},"end":{"line":23,"column":30}},"10":{"start":{"line":24,"column":4},"end":{"line":24,"column":25}},"11":{"start":{"line":27,"column":25},"end":{"line":29,"column":3}},"12":{"start":{"line":28,"column":4},"end":{"line":28,"column":28}},"13":{"start":{"line":31,"column":2},"end":{"line":45,"column":4}},"14":{"start":{"line":15,"column":13},"end":{"line":15,"column":41}}},"fnMap":{"0":{"name":"(anonymous_0)","decl":{"start":{"line":15,"column":41},"end":{"line":15,"column":42}},"loc":{"start":{"line":15,"column":97},"end":{"line":46,"column":1}}},"1":{"name":"(anonymous_1)","decl":{"start":{"line":19,"column":21},"end":{"line":19,"column":22}},"loc":{"start":{"line":19,"column":45},"end":{"line":25,"column":3}}},"2":{"name":"(anonymous_2)","decl":{"start":{"line":27,"column":25},"end":{"line":27,"column":28}},"loc":{"start":{"line":27,"column":30},"end":{"line":29,"column":3}}}},"branchMap":{},"s":{"0":1,"1":1,"2":1,"3":4,"4":4,"5":4,"6":2,"7":2,"8":2,"9":2,"10":2,"11":4,"12":1,"13":4,"14":1},"f":{"0":4,"1":2,"2":1},"b":{}}
,"/Users/morderca/asdfadfsafs/projekt-koncowy-sklep/vite-project/src/contexts/PaginationContext.tsx": {"path":"/Users/morderca/asdfadfsafs/projekt-koncowy-sklep/vite-project/src/contexts/PaginationContext.tsx","statementMap":{"0":{"start":{"line":1,"column":0},"end":{"line":1,"column":60}},"1":{"start":{"line":9,"column":26},"end":{"line":9,"column":86}},"2":{"start":{"line":11,"column":75},"end":{"line":23,"column":1}},"3":{"start":{"line":12,"column":42},"end":{"line":12,"column":53}},"4":{"start":{"line":14,"column":29},"end":{"line":16,"column":5}},"5":{"start":{"line":15,"column":8},"end":{"line":15,"column":26}},"6":{"start":{"line":18,"column":4},"end":{"line":22,"column":6}},"7":{"start":{"line":11,"column":13},"end":{"line":11,"column":75}},"8":{"start":{"line":25,"column":29},"end":{"line":31,"column":1}},"9":{"start":{"line":26,"column":20},"end":{"line":26,"column":49}},"10":{"start":{"line":27,"column":4},"end":{"line":29,"column":5}},"11":{"start":{"line":28,"column":8},"end":{"line":28,"column":82}},"12":{"start":{"line":30,"column":4},"end":{"line":30,"column":19}},"13":{"start":{"line":25,"column":13},"end":{"line":25,"column":29}}},"fnMap":{"0":{"name":"(anonymous_0)","decl":{"start":{"line":11,"column":75},"end":{"line":11,"column":76}},"loc":{"start":{"line":11,"column":92},"end":{"line":23,"column":1}}},"1":{"name":"(anonymous_1)","decl":{"start":{"line":14,"column":29},"end":{"line":14,"column":32}},"loc":{"start":{"line":14,"column":34},"end":{"line":16,"column":5}}},"2":{"name":"(anonymous_2)","decl":{"start":{"line":25,"column":29},"end":{"line":25,"column":32}},"loc":{"start":{"line":25,"column":34},"end":{"line":31,"column":1}}}},"branchMap":{"0":{"loc":{"start":{"line":27,"column":4},"end":{"line":29,"column":5}},"type":"if","locations":[{"start":{"line":27,"column":4},"end":{"line":29,"column":5}},{"start":{},"end":{}}]}},"s":{"0":1,"1":1,"2":1,"3":4,"4":4,"5":0,"6":4,"7":1,"8":1,"9":7,"10":7,"11":0,"12":7,"13":1},"f":{"0":4,"1":0,"2":7},"b":{"0":[0,7]}}
}
