TN:
SF:src/components/CartItem.tsx
FN:12,(anonymous_0)
FN:39,(anonymous_1)
FNF:2
FNH:2
FNDA:3,(anonymous_0)
FNDA:1,(anonymous_1)
DA:12,1
DA:22,3
DA:39,1
DA:47,1
LF:4
LH:4
BRDA:25,0,0,3
BRDA:25,0,1,1
BRF:2
BRH:2
end_of_record
TN:
SF:src/components/Header.tsx
FN:12,(anonymous_0)
FN:21,(anonymous_1)
FN:48,(anonymous_2)
FN:56,(anonymous_3)
FN:82,(anonymous_4)
FN:85,(anonymous_5)
FN:93,(anonymous_6)
FN:100,(anonymous_7)
FN:104,(anonymous_8)
FNF:9
FNH:2
FNDA:7,(anonymous_0)
FNDA:4,(anonymous_1)
FNDA:0,(anonymous_2)
FNDA:0,(anonymous_3)
FNDA:0,(anonymous_4)
FNDA:0,(anonymous_5)
FNDA:0,(anonymous_6)
FNDA:0,(anonymous_7)
FNDA:0,(anonymous_8)
DA:1,1
DA:2,1
DA:3,1
DA:4,1
DA:12,1
DA:13,7
DA:14,7
DA:15,7
DA:17,7
DA:18,7
DA:19,7
DA:21,7
DA:22,4
DA:23,4
DA:24,3
DA:25,3
DA:26,3
DA:28,3
DA:29,3
DA:30,3
DA:31,3
DA:33,0
DA:34,0
DA:35,0
DA:36,0
DA:39,0
DA:40,0
DA:41,0
DA:44,1
DA:48,7
DA:49,0
DA:50,0
DA:51,0
DA:52,0
DA:53,0
DA:56,7
DA:57,0
DA:58,0
DA:59,0
DA:61,0
DA:65,7
DA:82,0
DA:85,0
DA:93,0
DA:100,0
DA:104,0
LF:46
LH:25
BRDA:23,0,0,3
BRDA:23,0,1,1
BRDA:26,1,0,3
BRDA:26,1,1,3
BRDA:28,2,0,3
BRDA:28,2,1,0
BRDA:30,3,0,3
BRDA:30,3,1,0
BRDA:57,4,0,0
BRDA:57,4,1,0
BRDA:73,5,0,3
BRDA:73,5,1,4
BRDA:92,6,0,7
BRDA:92,6,1,1
BRF:14
BRH:10
end_of_record
TN:
SF:src/components/Item.tsx
FN:15,(anonymous_0)
FN:19,(anonymous_1)
FN:27,(anonymous_2)
FNF:3
FNH:3
FNDA:4,(anonymous_0)
FNDA:2,(anonymous_1)
FNDA:1,(anonymous_2)
DA:1,1
DA:2,1
DA:15,1
DA:16,4
DA:17,4
DA:19,4
DA:20,2
DA:21,2
DA:22,2
DA:23,2
DA:24,2
DA:27,4
DA:28,1
DA:31,4
LF:14
LH:14
BRF:0
BRH:0
end_of_record
TN:
SF:src/contexts/PaginationContext.tsx
FN:11,(anonymous_0)
FN:14,(anonymous_1)
FN:25,(anonymous_2)
FNF:3
FNH:2
FNDA:4,(anonymous_0)
FNDA:0,(anonymous_1)
FNDA:7,(anonymous_2)
DA:1,1
DA:9,1
DA:11,1
DA:12,4
DA:14,4
DA:15,0
DA:18,4
DA:25,1
DA:26,7
DA:27,7
DA:28,0
DA:30,7
LF:12
LH:10
BRDA:27,0,0,0
BRDA:27,0,1,7
BRF:2
BRH:1
end_of_record
